-------------------------------------------------------------------------------
Test set: selenium.AppTest
-------------------------------------------------------------------------------
Tests run: 2, Failures: 1, Errors: 0, Skipped: 0, Time elapsed: 17.731 s <<< FAILURE! - in selenium.AppTest
test02(selenium.AppTest)  Time elapsed: 9.07 s  <<< FAILURE!
org.junit.ComparisonFailure: expected:<[HandBook Devops - Buscar con Google]> but was:<[Amazon.com : The phoenix project]>
	at selenium.AppTest.test02(AppTest.java:55)

